<?xml version="1.0" encoding="UTF-8"?>
<testsuite xmlns:xsi="http://www.w3.org/2001/XMLSchema-instance" xsi:noNamespaceSchemaLocation="https://maven.apache.org/surefire/maven-surefire-plugin/xsd/surefire-test-report-3.0.xsd" version="3.0" name="testRunner.TestRunner" time="9.788" tests="1" errors="0" skipped="0" failures="0">
  <properties>
    <property name="java.specification.version" value="19"/>
    <property name="sun.cpu.isalist" value="amd64"/>
    <property name="sun.jnu.encoding" value="Cp1252"/>
    <property name="java.class.path" value="D:\Users\vsupe\eclipse-workspace\Amazon_Cucumber_BDD_Framework\target\test-classes;D:\Users\vsupe\eclipse-workspace\Amazon_Cucumber_BDD_Framework\target\classes;C:\Users\vsupe\.m2\repository\org\seleniumhq\selenium\selenium-java\4.6.0\selenium-java-4.6.0.jar;C:\Users\vsupe\.m2\repository\org\seleniumhq\selenium\selenium-api\4.6.0\selenium-api-4.6.0.jar;C:\Users\vsupe\.m2\repository\org\seleniumhq\selenium\selenium-chrome-driver\4.6.0\selenium-chrome-driver-4.6.0.jar;C:\Users\vsupe\.m2\repository\com\google\auto\service\auto-service-annotations\1.0.1\auto-service-annotations-1.0.1.jar;C:\Users\vsupe\.m2\repository\com\google\auto\service\auto-service\1.0.1\auto-service-1.0.1.jar;C:\Users\vsupe\.m2\repository\com\google\auto\auto-common\1.2\auto-common-1.2.jar;C:\Users\vsupe\.m2\repository\com\google\guava\guava\31.1-jre\guava-31.1-jre.jar;C:\Users\vsupe\.m2\repository\com\google\guava\failureaccess\1.0.1\failureaccess-1.0.1.jar;C:\Users\vsupe\.m2\repository\com\google\guava\listenablefuture\9999.0-empty-to-avoid-conflict-with-guava\listenablefuture-9999.0-empty-to-avoid-conflict-with-guava.jar;C:\Users\vsupe\.m2\repository\com\google\code\findbugs\jsr305\3.0.2\jsr305-3.0.2.jar;C:\Users\vsupe\.m2\repository\org\checkerframework\checker-qual\3.12.0\checker-qual-3.12.0.jar;C:\Users\vsupe\.m2\repository\com\google\errorprone\error_prone_annotations\2.11.0\error_prone_annotations-2.11.0.jar;C:\Users\vsupe\.m2\repository\com\google\j2objc\j2objc-annotations\1.3\j2objc-annotations-1.3.jar;C:\Users\vsupe\.m2\repository\org\seleniumhq\selenium\selenium-chromium-driver\4.6.0\selenium-chromium-driver-4.6.0.jar;C:\Users\vsupe\.m2\repository\org\seleniumhq\selenium\selenium-json\4.6.0\selenium-json-4.6.0.jar;C:\Users\vsupe\.m2\repository\org\seleniumhq\selenium\selenium-devtools-v105\4.6.0\selenium-devtools-v105-4.6.0.jar;C:\Users\vsupe\.m2\repository\org\seleniumhq\selenium\selenium-devtools-v106\4.6.0\selenium-devtools-v106-4.6.0.jar;C:\Users\vsupe\.m2\repository\org\seleniumhq\selenium\selenium-devtools-v107\4.6.0\selenium-devtools-v107-4.6.0.jar;C:\Users\vsupe\.m2\repository\org\seleniumhq\selenium\selenium-devtools-v85\4.6.0\selenium-devtools-v85-4.6.0.jar;C:\Users\vsupe\.m2\repository\org\seleniumhq\selenium\selenium-edge-driver\4.6.0\selenium-edge-driver-4.6.0.jar;C:\Users\vsupe\.m2\repository\org\seleniumhq\selenium\selenium-firefox-driver\4.6.0\selenium-firefox-driver-4.6.0.jar;C:\Users\vsupe\.m2\repository\org\seleniumhq\selenium\selenium-ie-driver\4.6.0\selenium-ie-driver-4.6.0.jar;C:\Users\vsupe\.m2\repository\org\seleniumhq\selenium\selenium-remote-driver\4.6.0\selenium-remote-driver-4.6.0.jar;C:\Users\vsupe\.m2\repository\com\beust\jcommander\1.82\jcommander-1.82.jar;C:\Users\vsupe\.m2\repository\io\netty\netty-buffer\4.1.84.Final\netty-buffer-4.1.84.Final.jar;C:\Users\vsupe\.m2\repository\io\netty\netty-codec-http\4.1.84.Final\netty-codec-http-4.1.84.Final.jar;C:\Users\vsupe\.m2\repository\io\netty\netty-codec\4.1.84.Final\netty-codec-4.1.84.Final.jar;C:\Users\vsupe\.m2\repository\io\netty\netty-handler\4.1.84.Final\netty-handler-4.1.84.Final.jar;C:\Users\vsupe\.m2\repository\io\netty\netty-common\4.1.84.Final\netty-common-4.1.84.Final.jar;C:\Users\vsupe\.m2\repository\io\netty\netty-transport-classes-epoll\4.1.84.Final\netty-transport-classes-epoll-4.1.84.Final.jar;C:\Users\vsupe\.m2\repository\io\netty\netty-transport-classes-kqueue\4.1.84.Final\netty-transport-classes-kqueue-4.1.84.Final.jar;C:\Users\vsupe\.m2\repository\io\netty\netty-transport-native-epoll\4.1.84.Final\netty-transport-native-epoll-4.1.84.Final.jar;C:\Users\vsupe\.m2\repository\io\netty\netty-transport-native-kqueue\4.1.84.Final\netty-transport-native-kqueue-4.1.84.Final.jar;C:\Users\vsupe\.m2\repository\io\netty\netty-transport-native-unix-common\4.1.84.Final\netty-transport-native-unix-common-4.1.84.Final.jar;C:\Users\vsupe\.m2\repository\io\netty\netty-transport\4.1.84.Final\netty-transport-4.1.84.Final.jar;C:\Users\vsupe\.m2\repository\io\netty\netty-resolver\4.1.84.Final\netty-resolver-4.1.84.Final.jar;C:\Users\vsupe\.m2\repository\io\opentelemetry\opentelemetry-api\1.19.0\opentelemetry-api-1.19.0.jar;C:\Users\vsupe\.m2\repository\io\opentelemetry\opentelemetry-context\1.19.0\opentelemetry-context-1.19.0.jar;C:\Users\vsupe\.m2\repository\io\opentelemetry\opentelemetry-exporter-logging\1.19.0\opentelemetry-exporter-logging-1.19.0.jar;C:\Users\vsupe\.m2\repository\io\opentelemetry\opentelemetry-sdk-metrics\1.19.0\opentelemetry-sdk-metrics-1.19.0.jar;C:\Users\vsupe\.m2\repository\io\opentelemetry\opentelemetry-sdk-logs\1.19.0-alpha\opentelemetry-sdk-logs-1.19.0-alpha.jar;C:\Users\vsupe\.m2\repository\io\opentelemetry\opentelemetry-api-logs\1.19.0-alpha\opentelemetry-api-logs-1.19.0-alpha.jar;C:\Users\vsupe\.m2\repository\io\opentelemetry\opentelemetry-sdk-common\1.19.0\opentelemetry-sdk-common-1.19.0.jar;C:\Users\vsupe\.m2\repository\io\opentelemetry\opentelemetry-sdk-extension-autoconfigure-spi\1.19.0\opentelemetry-sdk-extension-autoconfigure-spi-1.19.0.jar;C:\Users\vsupe\.m2\repository\io\opentelemetry\opentelemetry-sdk-extension-autoconfigure\1.19.0-alpha\opentelemetry-sdk-extension-autoconfigure-1.19.0-alpha.jar;C:\Users\vsupe\.m2\repository\io\opentelemetry\opentelemetry-exporter-common\1.19.0\opentelemetry-exporter-common-1.19.0.jar;C:\Users\vsupe\.m2\repository\io\opentelemetry\opentelemetry-sdk-trace\1.19.0\opentelemetry-sdk-trace-1.19.0.jar;C:\Users\vsupe\.m2\repository\io\opentelemetry\opentelemetry-sdk\1.19.0\opentelemetry-sdk-1.19.0.jar;C:\Users\vsupe\.m2\repository\io\opentelemetry\opentelemetry-semconv\1.19.0-alpha\opentelemetry-semconv-1.19.0-alpha.jar;C:\Users\vsupe\.m2\repository\io\ous\jtoml\2.0.0\jtoml-2.0.0.jar;C:\Users\vsupe\.m2\repository\net\bytebuddy\byte-buddy\1.12.18\byte-buddy-1.12.18.jar;C:\Users\vsupe\.m2\repository\org\apache\commons\commons-exec\1.3\commons-exec-1.3.jar;C:\Users\vsupe\.m2\repository\org\asynchttpclient\async-http-client\2.12.3\async-http-client-2.12.3.jar;C:\Users\vsupe\.m2\repository\org\asynchttpclient\async-http-client-netty-utils\2.12.3\async-http-client-netty-utils-2.12.3.jar;C:\Users\vsupe\.m2\repository\io\netty\netty-codec-socks\4.1.60.Final\netty-codec-socks-4.1.60.Final.jar;C:\Users\vsupe\.m2\repository\io\netty\netty-handler-proxy\4.1.60.Final\netty-handler-proxy-4.1.60.Final.jar;C:\Users\vsupe\.m2\repository\io\netty\netty-transport-native-epoll\4.1.60.Final\netty-transport-native-epoll-4.1.60.Final-linux-x86_64.jar;C:\Users\vsupe\.m2\repository\io\netty\netty-transport-native-kqueue\4.1.60.Final\netty-transport-native-kqueue-4.1.60.Final-osx-x86_64.jar;C:\Users\vsupe\.m2\repository\org\reactivestreams\reactive-streams\1.0.3\reactive-streams-1.0.3.jar;C:\Users\vsupe\.m2\repository\com\typesafe\netty\netty-reactive-streams\2.0.4\netty-reactive-streams-2.0.4.jar;C:\Users\vsupe\.m2\repository\org\slf4j\slf4j-api\1.7.30\slf4j-api-1.7.30.jar;C:\Users\vsupe\.m2\repository\com\sun\activation\jakarta.activation\1.2.2\jakarta.activation-1.2.2.jar;C:\Users\vsupe\.m2\repository\org\seleniumhq\selenium\selenium-http\4.6.0\selenium-http-4.6.0.jar;C:\Users\vsupe\.m2\repository\dev\failsafe\failsafe\3.3.0\failsafe-3.3.0.jar;C:\Users\vsupe\.m2\repository\org\seleniumhq\selenium\selenium-manager\4.6.0\selenium-manager-4.6.0.jar;C:\Users\vsupe\.m2\repository\org\seleniumhq\selenium\selenium-safari-driver\4.6.0\selenium-safari-driver-4.6.0.jar;C:\Users\vsupe\.m2\repository\org\seleniumhq\selenium\selenium-support\4.6.0\selenium-support-4.6.0.jar;C:\Users\vsupe\.m2\repository\io\cucumber\cucumber-java\7.9.0\cucumber-java-7.9.0.jar;C:\Users\vsupe\.m2\repository\io\cucumber\cucumber-core\7.9.0\cucumber-core-7.9.0.jar;C:\Users\vsupe\.m2\repository\io\cucumber\cucumber-gherkin\7.9.0\cucumber-gherkin-7.9.0.jar;C:\Users\vsupe\.m2\repository\io\cucumber\cucumber-gherkin-messages\7.9.0\cucumber-gherkin-messages-7.9.0.jar;C:\Users\vsupe\.m2\repository\io\cucumber\gherkin\24.1.0\gherkin-24.1.0.jar;C:\Users\vsupe\.m2\repository\io\cucumber\messages\19.1.4\messages-19.1.4.jar;C:\Users\vsupe\.m2\repository\io\cucumber\tag-expressions\4.1.0\tag-expressions-4.1.0.jar;C:\Users\vsupe\.m2\repository\io\cucumber\cucumber-expressions\16.0.0\cucumber-expressions-16.0.0.jar;C:\Users\vsupe\.m2\repository\io\cucumber\datatable\7.9.0\datatable-7.9.0.jar;C:\Users\vsupe\.m2\repository\io\cucumber\cucumber-plugin\7.9.0\cucumber-plugin-7.9.0.jar;C:\Users\vsupe\.m2\repository\io\cucumber\docstring\7.9.0\docstring-7.9.0.jar;C:\Users\vsupe\.m2\repository\io\cucumber\html-formatter\20.1.0\html-formatter-20.1.0.jar;C:\Users\vsupe\.m2\repository\io\cucumber\ci-environment\9.1.0\ci-environment-9.1.0.jar;C:\Users\vsupe\.m2\repository\org\apiguardian\apiguardian-api\1.1.2\apiguardian-api-1.1.2.jar;C:\Users\vsupe\.m2\repository\io\cucumber\cucumber-junit\7.9.0\cucumber-junit-7.9.0.jar;C:\Users\vsupe\.m2\repository\junit\junit\4.13.2\junit-4.13.2.jar;C:\Users\vsupe\.m2\repository\org\hamcrest\hamcrest-core\1.3\hamcrest-core-1.3.jar;C:\Users\vsupe\.m2\repository\org\apache\logging\log4j\log4j-core\2.19.0\log4j-core-2.19.0.jar;C:\Users\vsupe\.m2\repository\org\apache\logging\log4j\log4j-api\2.19.0\log4j-api-2.19.0.jar;C:\Users\vsupe\.m2\repository\org\apache\poi\poi\5.2.3\poi-5.2.3.jar;C:\Users\vsupe\.m2\repository\commons-codec\commons-codec\1.15\commons-codec-1.15.jar;C:\Users\vsupe\.m2\repository\org\apache\commons\commons-collections4\4.4\commons-collections4-4.4.jar;C:\Users\vsupe\.m2\repository\org\apache\commons\commons-math3\3.6.1\commons-math3-3.6.1.jar;C:\Users\vsupe\.m2\repository\com\zaxxer\SparseBitSet\1.2\SparseBitSet-1.2.jar;C:\Users\vsupe\.m2\repository\org\apache\poi\poi-ooxml\5.2.3\poi-ooxml-5.2.3.jar;C:\Users\vsupe\.m2\repository\org\apache\poi\poi-ooxml-lite\5.2.3\poi-ooxml-lite-5.2.3.jar;C:\Users\vsupe\.m2\repository\org\apache\xmlbeans\xmlbeans\5.1.1\xmlbeans-5.1.1.jar;C:\Users\vsupe\.m2\repository\org\apache\commons\commons-compress\1.21\commons-compress-1.21.jar;C:\Users\vsupe\.m2\repository\com\github\virtuald\curvesapi\1.07\curvesapi-1.07.jar;C:\Users\vsupe\.m2\repository\commons-io\commons-io\2.11.0\commons-io-2.11.0.jar;C:\Users\vsupe\.m2\repository\org\apache\commons\commons-lang3\3.12.0\commons-lang3-3.12.0.jar;"/>
    <property name="java.vm.vendor" value="Oracle Corporation"/>
    <property name="sun.arch.data.model" value="64"/>
    <property name="user.variant" value=""/>
    <property name="java.vendor.url" value="https://java.oracle.com/"/>
    <property name="user.timezone" value="America/New_York"/>
    <property name="os.name" value="Windows 10"/>
    <property name="java.vm.specification.version" value="19"/>
    <property name="sun.java.launcher" value="SUN_STANDARD"/>
    <property name="user.country" value="US"/>
    <property name="sun.boot.library.path" value="C:\Program Files\Java\jdk-19\bin"/>
    <property name="sun.java.command" value="C:\Users\vsupe\AppData\Local\Temp\surefire10721253291259420123\surefirebooter-20230402235247033_3.jar C:\Users\vsupe\AppData\Local\Temp\surefire10721253291259420123 2023-04-02T23-52-46_102-jvmRun1 surefire-20230402235247033_1tmp surefire_0-20230402235247033_2tmp"/>
    <property name="jdk.debug" value="release"/>
    <property name="surefire.test.class.path" value="D:\Users\vsupe\eclipse-workspace\Amazon_Cucumber_BDD_Framework\target\test-classes;D:\Users\vsupe\eclipse-workspace\Amazon_Cucumber_BDD_Framework\target\classes;C:\Users\vsupe\.m2\repository\org\seleniumhq\selenium\selenium-java\4.6.0\selenium-java-4.6.0.jar;C:\Users\vsupe\.m2\repository\org\seleniumhq\selenium\selenium-api\4.6.0\selenium-api-4.6.0.jar;C:\Users\vsupe\.m2\repository\org\seleniumhq\selenium\selenium-chrome-driver\4.6.0\selenium-chrome-driver-4.6.0.jar;C:\Users\vsupe\.m2\repository\com\google\auto\service\auto-service-annotations\1.0.1\auto-service-annotations-1.0.1.jar;C:\Users\vsupe\.m2\repository\com\google\auto\service\auto-service\1.0.1\auto-service-1.0.1.jar;C:\Users\vsupe\.m2\repository\com\google\auto\auto-common\1.2\auto-common-1.2.jar;C:\Users\vsupe\.m2\repository\com\google\guava\guava\31.1-jre\guava-31.1-jre.jar;C:\Users\vsupe\.m2\repository\com\google\guava\failureaccess\1.0.1\failureaccess-1.0.1.jar;C:\Users\vsupe\.m2\repository\com\google\guava\listenablefuture\9999.0-empty-to-avoid-conflict-with-guava\listenablefuture-9999.0-empty-to-avoid-conflict-with-guava.jar;C:\Users\vsupe\.m2\repository\com\google\code\findbugs\jsr305\3.0.2\jsr305-3.0.2.jar;C:\Users\vsupe\.m2\repository\org\checkerframework\checker-qual\3.12.0\checker-qual-3.12.0.jar;C:\Users\vsupe\.m2\repository\com\google\errorprone\error_prone_annotations\2.11.0\error_prone_annotations-2.11.0.jar;C:\Users\vsupe\.m2\repository\com\google\j2objc\j2objc-annotations\1.3\j2objc-annotations-1.3.jar;C:\Users\vsupe\.m2\repository\org\seleniumhq\selenium\selenium-chromium-driver\4.6.0\selenium-chromium-driver-4.6.0.jar;C:\Users\vsupe\.m2\repository\org\seleniumhq\selenium\selenium-json\4.6.0\selenium-json-4.6.0.jar;C:\Users\vsupe\.m2\repository\org\seleniumhq\selenium\selenium-devtools-v105\4.6.0\selenium-devtools-v105-4.6.0.jar;C:\Users\vsupe\.m2\repository\org\seleniumhq\selenium\selenium-devtools-v106\4.6.0\selenium-devtools-v106-4.6.0.jar;C:\Users\vsupe\.m2\repository\org\seleniumhq\selenium\selenium-devtools-v107\4.6.0\selenium-devtools-v107-4.6.0.jar;C:\Users\vsupe\.m2\repository\org\seleniumhq\selenium\selenium-devtools-v85\4.6.0\selenium-devtools-v85-4.6.0.jar;C:\Users\vsupe\.m2\repository\org\seleniumhq\selenium\selenium-edge-driver\4.6.0\selenium-edge-driver-4.6.0.jar;C:\Users\vsupe\.m2\repository\org\seleniumhq\selenium\selenium-firefox-driver\4.6.0\selenium-firefox-driver-4.6.0.jar;C:\Users\vsupe\.m2\repository\org\seleniumhq\selenium\selenium-ie-driver\4.6.0\selenium-ie-driver-4.6.0.jar;C:\Users\vsupe\.m2\repository\org\seleniumhq\selenium\selenium-remote-driver\4.6.0\selenium-remote-driver-4.6.0.jar;C:\Users\vsupe\.m2\repository\com\beust\jcommander\1.82\jcommander-1.82.jar;C:\Users\vsupe\.m2\repository\io\netty\netty-buffer\4.1.84.Final\netty-buffer-4.1.84.Final.jar;C:\Users\vsupe\.m2\repository\io\netty\netty-codec-http\4.1.84.Final\netty-codec-http-4.1.84.Final.jar;C:\Users\vsupe\.m2\repository\io\netty\netty-codec\4.1.84.Final\netty-codec-4.1.84.Final.jar;C:\Users\vsupe\.m2\repository\io\netty\netty-handler\4.1.84.Final\netty-handler-4.1.84.Final.jar;C:\Users\vsupe\.m2\repository\io\netty\netty-common\4.1.84.Final\netty-common-4.1.84.Final.jar;C:\Users\vsupe\.m2\repository\io\netty\netty-transport-classes-epoll\4.1.84.Final\netty-transport-classes-epoll-4.1.84.Final.jar;C:\Users\vsupe\.m2\repository\io\netty\netty-transport-classes-kqueue\4.1.84.Final\netty-transport-classes-kqueue-4.1.84.Final.jar;C:\Users\vsupe\.m2\repository\io\netty\netty-transport-native-epoll\4.1.84.Final\netty-transport-native-epoll-4.1.84.Final.jar;C:\Users\vsupe\.m2\repository\io\netty\netty-transport-native-kqueue\4.1.84.Final\netty-transport-native-kqueue-4.1.84.Final.jar;C:\Users\vsupe\.m2\repository\io\netty\netty-transport-native-unix-common\4.1.84.Final\netty-transport-native-unix-common-4.1.84.Final.jar;C:\Users\vsupe\.m2\repository\io\netty\netty-transport\4.1.84.Final\netty-transport-4.1.84.Final.jar;C:\Users\vsupe\.m2\repository\io\netty\netty-resolver\4.1.84.Final\netty-resolver-4.1.84.Final.jar;C:\Users\vsupe\.m2\repository\io\opentelemetry\opentelemetry-api\1.19.0\opentelemetry-api-1.19.0.jar;C:\Users\vsupe\.m2\repository\io\opentelemetry\opentelemetry-context\1.19.0\opentelemetry-context-1.19.0.jar;C:\Users\vsupe\.m2\repository\io\opentelemetry\opentelemetry-exporter-logging\1.19.0\opentelemetry-exporter-logging-1.19.0.jar;C:\Users\vsupe\.m2\repository\io\opentelemetry\opentelemetry-sdk-metrics\1.19.0\opentelemetry-sdk-metrics-1.19.0.jar;C:\Users\vsupe\.m2\repository\io\opentelemetry\opentelemetry-sdk-logs\1.19.0-alpha\opentelemetry-sdk-logs-1.19.0-alpha.jar;C:\Users\vsupe\.m2\repository\io\opentelemetry\opentelemetry-api-logs\1.19.0-alpha\opentelemetry-api-logs-1.19.0-alpha.jar;C:\Users\vsupe\.m2\repository\io\opentelemetry\opentelemetry-sdk-common\1.19.0\opentelemetry-sdk-common-1.19.0.jar;C:\Users\vsupe\.m2\repository\io\opentelemetry\opentelemetry-sdk-extension-autoconfigure-spi\1.19.0\opentelemetry-sdk-extension-autoconfigure-spi-1.19.0.jar;C:\Users\vsupe\.m2\repository\io\opentelemetry\opentelemetry-sdk-extension-autoconfigure\1.19.0-alpha\opentelemetry-sdk-extension-autoconfigure-1.19.0-alpha.jar;C:\Users\vsupe\.m2\repository\io\opentelemetry\opentelemetry-exporter-common\1.19.0\opentelemetry-exporter-common-1.19.0.jar;C:\Users\vsupe\.m2\repository\io\opentelemetry\opentelemetry-sdk-trace\1.19.0\opentelemetry-sdk-trace-1.19.0.jar;C:\Users\vsupe\.m2\repository\io\opentelemetry\opentelemetry-sdk\1.19.0\opentelemetry-sdk-1.19.0.jar;C:\Users\vsupe\.m2\repository\io\opentelemetry\opentelemetry-semconv\1.19.0-alpha\opentelemetry-semconv-1.19.0-alpha.jar;C:\Users\vsupe\.m2\repository\io\ous\jtoml\2.0.0\jtoml-2.0.0.jar;C:\Users\vsupe\.m2\repository\net\bytebuddy\byte-buddy\1.12.18\byte-buddy-1.12.18.jar;C:\Users\vsupe\.m2\repository\org\apache\commons\commons-exec\1.3\commons-exec-1.3.jar;C:\Users\vsupe\.m2\repository\org\asynchttpclient\async-http-client\2.12.3\async-http-client-2.12.3.jar;C:\Users\vsupe\.m2\repository\org\asynchttpclient\async-http-client-netty-utils\2.12.3\async-http-client-netty-utils-2.12.3.jar;C:\Users\vsupe\.m2\repository\io\netty\netty-codec-socks\4.1.60.Final\netty-codec-socks-4.1.60.Final.jar;C:\Users\vsupe\.m2\repository\io\netty\netty-handler-proxy\4.1.60.Final\netty-handler-proxy-4.1.60.Final.jar;C:\Users\vsupe\.m2\repository\io\netty\netty-transport-native-epoll\4.1.60.Final\netty-transport-native-epoll-4.1.60.Final-linux-x86_64.jar;C:\Users\vsupe\.m2\repository\io\netty\netty-transport-native-kqueue\4.1.60.Final\netty-transport-native-kqueue-4.1.60.Final-osx-x86_64.jar;C:\Users\vsupe\.m2\repository\org\reactivestreams\reactive-streams\1.0.3\reactive-streams-1.0.3.jar;C:\Users\vsupe\.m2\repository\com\typesafe\netty\netty-reactive-streams\2.0.4\netty-reactive-streams-2.0.4.jar;C:\Users\vsupe\.m2\repository\org\slf4j\slf4j-api\1.7.30\slf4j-api-1.7.30.jar;C:\Users\vsupe\.m2\repository\com\sun\activation\jakarta.activation\1.2.2\jakarta.activation-1.2.2.jar;C:\Users\vsupe\.m2\repository\org\seleniumhq\selenium\selenium-http\4.6.0\selenium-http-4.6.0.jar;C:\Users\vsupe\.m2\repository\dev\failsafe\failsafe\3.3.0\failsafe-3.3.0.jar;C:\Users\vsupe\.m2\repository\org\seleniumhq\selenium\selenium-manager\4.6.0\selenium-manager-4.6.0.jar;C:\Users\vsupe\.m2\repository\org\seleniumhq\selenium\selenium-safari-driver\4.6.0\selenium-safari-driver-4.6.0.jar;C:\Users\vsupe\.m2\repository\org\seleniumhq\selenium\selenium-support\4.6.0\selenium-support-4.6.0.jar;C:\Users\vsupe\.m2\repository\io\cucumber\cucumber-java\7.9.0\cucumber-java-7.9.0.jar;C:\Users\vsupe\.m2\repository\io\cucumber\cucumber-core\7.9.0\cucumber-core-7.9.0.jar;C:\Users\vsupe\.m2\repository\io\cucumber\cucumber-gherkin\7.9.0\cucumber-gherkin-7.9.0.jar;C:\Users\vsupe\.m2\repository\io\cucumber\cucumber-gherkin-messages\7.9.0\cucumber-gherkin-messages-7.9.0.jar;C:\Users\vsupe\.m2\repository\io\cucumber\gherkin\24.1.0\gherkin-24.1.0.jar;C:\Users\vsupe\.m2\repository\io\cucumber\messages\19.1.4\messages-19.1.4.jar;C:\Users\vsupe\.m2\repository\io\cucumber\tag-expressions\4.1.0\tag-expressions-4.1.0.jar;C:\Users\vsupe\.m2\repository\io\cucumber\cucumber-expressions\16.0.0\cucumber-expressions-16.0.0.jar;C:\Users\vsupe\.m2\repository\io\cucumber\datatable\7.9.0\datatable-7.9.0.jar;C:\Users\vsupe\.m2\repository\io\cucumber\cucumber-plugin\7.9.0\cucumber-plugin-7.9.0.jar;C:\Users\vsupe\.m2\repository\io\cucumber\docstring\7.9.0\docstring-7.9.0.jar;C:\Users\vsupe\.m2\repository\io\cucumber\html-formatter\20.1.0\html-formatter-20.1.0.jar;C:\Users\vsupe\.m2\repository\io\cucumber\ci-environment\9.1.0\ci-environment-9.1.0.jar;C:\Users\vsupe\.m2\repository\org\apiguardian\apiguardian-api\1.1.2\apiguardian-api-1.1.2.jar;C:\Users\vsupe\.m2\repository\io\cucumber\cucumber-junit\7.9.0\cucumber-junit-7.9.0.jar;C:\Users\vsupe\.m2\repository\junit\junit\4.13.2\junit-4.13.2.jar;C:\Users\vsupe\.m2\repository\org\hamcrest\hamcrest-core\1.3\hamcrest-core-1.3.jar;C:\Users\vsupe\.m2\repository\org\apache\logging\log4j\log4j-core\2.19.0\log4j-core-2.19.0.jar;C:\Users\vsupe\.m2\repository\org\apache\logging\log4j\log4j-api\2.19.0\log4j-api-2.19.0.jar;C:\Users\vsupe\.m2\repository\org\apache\poi\poi\5.2.3\poi-5.2.3.jar;C:\Users\vsupe\.m2\repository\commons-codec\commons-codec\1.15\commons-codec-1.15.jar;C:\Users\vsupe\.m2\repository\org\apache\commons\commons-collections4\4.4\commons-collections4-4.4.jar;C:\Users\vsupe\.m2\repository\org\apache\commons\commons-math3\3.6.1\commons-math3-3.6.1.jar;C:\Users\vsupe\.m2\repository\com\zaxxer\SparseBitSet\1.2\SparseBitSet-1.2.jar;C:\Users\vsupe\.m2\repository\org\apache\poi\poi-ooxml\5.2.3\poi-ooxml-5.2.3.jar;C:\Users\vsupe\.m2\repository\org\apache\poi\poi-ooxml-lite\5.2.3\poi-ooxml-lite-5.2.3.jar;C:\Users\vsupe\.m2\repository\org\apache\xmlbeans\xmlbeans\5.1.1\xmlbeans-5.1.1.jar;C:\Users\vsupe\.m2\repository\org\apache\commons\commons-compress\1.21\commons-compress-1.21.jar;C:\Users\vsupe\.m2\repository\com\github\virtuald\curvesapi\1.07\curvesapi-1.07.jar;C:\Users\vsupe\.m2\repository\commons-io\commons-io\2.11.0\commons-io-2.11.0.jar;C:\Users\vsupe\.m2\repository\org\apache\commons\commons-lang3\3.12.0\commons-lang3-3.12.0.jar;"/>
    <property name="sun.cpu.endian" value="little"/>
    <property name="user.home" value="C:\Users\vsupe"/>
    <property name="user.language" value="en"/>
    <property name="java.specification.vendor" value="Oracle Corporation"/>
    <property name="java.version.date" value="2023-01-17"/>
    <property name="java.home" value="C:\Program Files\Java\jdk-19"/>
    <property name="file.separator" value="\"/>
    <property name="basedir" value="D:\Users\vsupe\eclipse-workspace\Amazon_Cucumber_BDD_Framework"/>
    <property name="style.color" value="always"/>
    <property name="java.vm.compressedOopsMode" value="Zero based"/>
    <property name="line.separator" value="&#10;"/>
    <property name="java.vm.specification.vendor" value="Oracle Corporation"/>
    <property name="java.specification.name" value="Java Platform API Specification"/>
    <property name="surefire.real.class.path" value="C:\Users\vsupe\AppData\Local\Temp\surefire10721253291259420123\surefirebooter-20230402235247033_3.jar"/>
    <property name="user.script" value=""/>
    <property name="sun.management.compiler" value="HotSpot 64-Bit Tiered Compilers"/>
    <property name="java.runtime.version" value="19.0.2+7-44"/>
    <property name="user.name" value="vsupe"/>
    <property name="stdout.encoding" value="Cp1252"/>
    <property name="path.separator" value=";"/>
    <property name="os.version" value="10.0"/>
    <property name="java.runtime.name" value="Java(TM) SE Runtime Environment"/>
    <property name="file.encoding" value="UTF-8"/>
    <property name="java.vm.name" value="Java HotSpot(TM) 64-Bit Server VM"/>
    <property name="localRepository" value="C:\Users\vsupe\.m2\repository"/>
    <property name="java.vendor.url.bug" value="https://bugreport.java.com/bugreport/"/>
    <property name="java.io.tmpdir" value="C:\Users\vsupe\AppData\Local\Temp\"/>
    <property name="java.version" value="19.0.2"/>
    <property name="user.dir" value="D:\Users\vsupe\eclipse-workspace\Amazon_Cucumber_BDD_Framework"/>
    <property name="os.arch" value="amd64"/>
    <property name="java.vm.specification.name" value="Java Virtual Machine Specification"/>
    <property name="sun.os.patch.level" value=""/>
    <property name="native.encoding" value="Cp1252"/>
    <property name="java.library.path" value="C:\Program Files\Java\jdk-19\bin;C:\WINDOWS\Sun\Java\bin;C:\WINDOWS\system32;C:\WINDOWS;C:\Program Files\Microsoft MPI\Bin\;C:\Program Files\Common Files\Oracle\Java\javapath;E:\java\bin;C:\Windows\system32;C:\Windows;C:\Windows\System32\Wbem;C:\Windows\System32\WindowsPowerShell\v1.0\;C:\Windows\System32\OpenSSH\;C:\Program Files (x86)\NVIDIA Corporation\PhysX\Common;C:\Program Files\NVIDIA Corporation\NVIDIA NvDLISR;C:\Program Files\Microsoft SQL Server\120\Tools\Binn\;C:\Program Files\dotnet\;C:\Program Files\Microsoft SQL Server\130\Tools\Binn\;C:\Program Files\Microsoft SQL Server\Client SDK\ODBC\170\Tools\Binn\;C:\WINDOWS\system32;C:\WINDOWS;C:\WINDOWS\System32\Wbem;C:\WINDOWS\System32\WindowsPowerShell\v1.0\;C:\WINDOWS\System32\OpenSSH\;C:\Program Files\Geth;C:\Program Files (x86)\Geth;C:\Program Files\Git\cmd;C:\Program Files\Java\jdk-19\bin\;D:\;C:\Users\vsupe\AppData\Local\Android\Sdk\tools\bin;C:\Users\vsupe\AppData\Local\Android\Sdk\platform-tools;C:\Program Files (x86)\Microsoft SQL Server\150\Tools\Binn\;C:\Program Files\Microsoft SQL Server\150\Tools\Binn\;C:\Program Files (x86)\Microsoft SQL Server\150\DTS\Binn\;C:\Program Files\Microsoft SQL Server\150\DTS\Binn\;C:\Program Files (x86)\Microsoft SQL Server\160\DTS\Binn\;C:\Program Files\Azure Data Studio\bin;C:\Program Files (x86)\dotnet\;C:\Users\vsupe\scoop\shims;C:\Users\vsupe\AppData\Local\Programs\Python\Python311\Scripts\;C:\Users\vsupe\AppData\Local\Programs\Python\Python311\;C:\Users\vsupe\AppData\Local\Microsoft\WindowsApps;C:\Users\vsupe\AppData\Local\GitHubDesktop\bin;C:\Users\vsupe\.dotnet\tools;D:\Careerist\PyCharm Community Edition 2022.3.1\bin;;C:\Program Files\JetBrains\PyCharm 2022.3.2\bin;;C:\Users\vsupe\AppData\Roaming\npm;D:\IntelliJ IDEA Community Edition 2022.3.3\bin;;C:\Program Files\Azure Data Studio\bin;;."/>
    <property name="java.vm.info" value="mixed mode, sharing"/>
    <property name="stderr.encoding" value="Cp1252"/>
    <property name="java.vendor" value="Oracle Corporation"/>
    <property name="java.vm.version" value="19.0.2+7-44"/>
    <property name="sun.io.unicode.encoding" value="UnicodeLittle"/>
    <property name="java.class.version" value="63.0"/>
  </properties>
  <testcase name="Successful login with valid credentials #1" classname="Login with valid credentials" time="9.238">
    <system-out><![CDATA[
@sanity @regression
Scenario Outline: Successful login with valid credentials # Features/Login.feature:4
  Given User launch browser                               # StepDefinitions.steps.user_launch_browser()
  And Opens URL "https://www.amazon.com/"                 # StepDefinitions.steps.opens_url(java.lang.String)
  And Hover over sign in                                  # StepDefinitions.steps.hover_over_sign_in()
  And click sign in                                       # StepDefinitions.steps.click_sign_in1()
  And Enter mobile number "4125922529"                    # StepDefinitions.steps.enter_mobile_number(java.lang.String)
  And Click Continue                                      # StepDefinitions.steps.click_continue()
  And Enter password "escx4200"                           # StepDefinitions.steps.enter_password(java.lang.String)
  And Click sign in                                       # StepDefinitions.steps.click_sign_in()
  Then Verify amazon Home page is opened                  # StepDefinitions.steps.verify_amazon_home_page_is_opened()
]]></system-out>
    <system-err><![CDATA[SLF4J: Failed to load class "org.slf4j.impl.StaticLoggerBinder".
SLF4J: Defaulting to no-operation (NOP) logger implementation
SLF4J: See http://www.slf4j.org/codes.html#StaticLoggerBinder for further details.
1680493969237	geckodriver	INFO	Listening on 127.0.0.1:7333
1680493969476	mozrunner::runner	INFO	Running command: "C:\\Program Files\\Mozilla Firefox\\firefox.exe" "--marionette" "--remote-debugging-port" "19450" "--remote ... localhost:19450/,http://[::1]:19450/" "-no-remote" "-profile" "C:\\Users\\vsupe\\AppData\\Local\\Temp\\rust_mozprofileFX0Dk4"
console.warn: services.settings: Ignoring preference override of remote settings server
console.warn: services.settings: Allow by setting MOZ_REMOTE_SETTINGS_DEVTOOLS=1 in the environment
1680493969781	Marionette	INFO	Marionette enabled
Dynamically enable window occlusion 0
1680493969786	Marionette	INFO	Listening on port 61496
Read port: 61496
WebDriver BiDi listening on ws://127.0.0.1:19450
1680493969884	RemoteAgent	WARN	TLS certificate errors will be ignored for this session
console.warn: SearchSettings: "get: No settings file exists, new profile?" (new NotFoundError("Could not open the file at C:\\Users\\vsupe\\AppData\\Local\\Temp\\rust_mozprofileFX0Dk4\\search.json.mozlz4", (void 0)))
DevTools listening on ws://127.0.0.1:19450/devtools/browser/b36dc08c-8320-4217-8850-a4cbfe3d26ff
JavaScript warning: https://www.amazon.com/ line 2253 > injectedScript, line 1: WEBGL_debug_renderer_info is deprecated in Firefox and will be removed. Please use RENDERER.
JavaScript warning: https://www.amazon.com/ap/signin?openid.pape.max_auth_age=0&openid.return_to=https%3A%2F%2Fwww.amazon.com%2F%3Fref_%3Dnav_signin&openid.identity=http%3A%2F%2Fspecs.openid.net%2Fauth%2F2.0%2Fidentifier_select&openid.assoc_handle=usflex&openid.mode=checkid_setup&openid.claimed_id=http%3A%2F%2Fspecs.openid.net%2Fauth%2F2.0%2Fidentifier_select&openid.ns=http%3A%2F%2Fspecs.openid.net%2Fauth%2F2.0& line 898 > injectedScript, line 1: WEBGL_debug_renderer_info is deprecated in Firefox and will be removed. Please use RENDERER.
console.warn: LoginRecipes: "Falling back to a synchronous message for: https://www.amazon.com."
console.warn: LoginRecipes: "Falling back to a synchronous message for: https://www.amazon.com."
JavaScript warning: https://www.amazon.com/ap/signin line 885 > injectedScript, line 1: WEBGL_debug_renderer_info is deprecated in Firefox and will be removed. Please use RENDERER.
console.warn: LoginRecipes: "Falling back to a synchronous message for: https://www.amazon.com."
console.warn: LoginRecipes: "Falling back to a synchronous message for: https://www.amazon.com."
JavaScript warning: https://www.amazon.com/?ref_=nav_signin line 2588 > injectedScript, line 1: WEBGL_debug_renderer_info is deprecated in Firefox and will be removed. Please use RENDERER.
1680493975868	Marionette	INFO	Stopped listening on port 61496
Dynamically enable window occlusion 1
WARNING: A blocker encountered an error while we were waiting.
          Blocker:  Waiting for ping task
          Phase: TelemetryController: Waiting for pending ping activity
          State: (none)
WARNING: Error: Phase "profile-before-change" is finished, it is too late to register completion condition "OS.File: flush I/O queued before profileBeforeChange"
WARNING: addBlocker@resource://gre/modules/AsyncShutdown.sys.mjs:727:15
addBlocker@resource://gre/modules/AsyncShutdown.sys.mjs:523:26
addBlocker@resource://gre/modules/AsyncShutdown.sys.mjs:458:15
setupShutdown@resource://gre/modules/osfile/osfile_async_front.jsm:1548:28
@resource://gre/modules/osfile/osfile_async_front.jsm:1568:16
@resource://gre/modules/osfile.jsm:12:30
@resource://gre/modules/TelemetryStorage.sys.mjs:10:28
_checkPendingPings@resource://gre/modules/TelemetrySend.sys.mjs:863:17
setup@resource://gre/modules/TelemetrySend.sys.mjs:803:18
setup@resource://gre/modules/TelemetrySend.sys.mjs:241:30
setupTelemetry/this._delayedInitTask<@resource://gre/modules/TelemetryControllerParent.sys.mjs:828:36
observe@resource://gre/modules/AsyncShutdown.sys.mjs:576:16

console.error: "TelemetryScheduler.shutdown - Already shut down"
WARNING: A blocker encountered an error while we were waiting.
          Blocker:  Waiting for ping task
          Phase: TelemetryController: Waiting for pending ping activity
          State: (none)
WARNING: Error: Phase "profile-before-change" is finished, it is too late to register completion condition "OS.File: flush I/O queued before profileBeforeChange"
WARNING: addBlocker@resource://gre/modules/AsyncShutdown.sys.mjs:727:15
addBlocker@resource://gre/modules/AsyncShutdown.sys.mjs:523:26
addBlocker@resource://gre/modules/AsyncShutdown.sys.mjs:458:15
setupShutdown@resource://gre/modules/osfile/osfile_async_front.jsm:1548:28
@resource://gre/modules/osfile/osfile_async_front.jsm:1568:16
@resource://gre/modules/osfile.jsm:12:30
@resource://gre/modules/TelemetryStorage.sys.mjs:10:28
_checkPendingPings@resource://gre/modules/TelemetrySend.sys.mjs:863:17
setup@resource://gre/modules/TelemetrySend.sys.mjs:803:18
setup@resource://gre/modules/TelemetrySend.sys.mjs:241:30
setupTelemetry/this._delayedInitTask<@resource://gre/modules/TelemetryControllerParent.sys.mjs:828:36
observe@resource://gre/modules/AsyncShutdown.sys.mjs:576:16

WARNING: A blocker encountered an error while we were waiting.
          Blocker:  Waiting for ping task
          Phase: TelemetryController: Waiting for pending ping activity
          State: (none)
WARNING: Error: Phase "profile-before-change" is finished, it is too late to register completion condition "OS.File: flush I/O queued before profileBeforeChange"
WARNING: addBlocker@resource://gre/modules/AsyncShutdown.sys.mjs:727:15
addBlocker@resource://gre/modules/AsyncShutdown.sys.mjs:523:26
addBlocker@resource://gre/modules/AsyncShutdown.sys.mjs:458:15
setupShutdown@resource://gre/modules/osfile/osfile_async_front.jsm:1548:28
@resource://gre/modules/osfile/osfile_async_front.jsm:1568:16
@resource://gre/modules/osfile.jsm:12:30
@resource://gre/modules/TelemetryStorage.sys.mjs:10:28
_checkPendingPings@resource://gre/modules/TelemetrySend.sys.mjs:863:17
setup@resource://gre/modules/TelemetrySend.sys.mjs:803:18
setup@resource://gre/modules/TelemetrySend.sys.mjs:241:30
setupTelemetry/tJhaivsa.S_cdreilpaty eedrIrnitTasko<r@:r reessoouurrccee::///g/reg/rmeo/dmuoldeusl/eAssy/nTcSehluetdomwent.rsyysC.omjnst,r ollinlee 7r2P7a:r eEnrtr.osr:y sP.hmajsse: 8"2p8r:o3f6il
eo-bsebrveef@orrees-ocuhracneg:e/"/ girse /fmiondiuslheesd/,A siytn ciSsh uttodoo wlna.tsey st.om jrse:g5i7s6t:e1r 6co
mp
lWeAtRiNoInN Gc:o A nbdliotckeiorn  e"nOcSo.uFnitleer:e df launsh  Ie/rrOo rq uwehuielde  wbe ewfeorree  wpariofiletBienfgor.eC
h a n g e "  
   JBalvoacScrkieprt:  er rToerl:e mreesourtcrey:C/o/ngtrreo/lmloedru:l essh/uAtstyinncgS hduotwdnow
n . s y s . m j s,  Phase: profile -bleifnoer e7-2c7h:a nEgrer-oterl:e mPehtarsye 
" p r o f i l e -  Statbee:f orEer-rcohra nggeet"t iinsg  fsitnaitseh:e d, it is too late to regisEterrr ocromplet:i oPnh conadsiet i"opnr o"fOiSl.eF-ibleef:or ef-lcuhsha nIg/eO"  qiuse ufeidn ibefsohreed ,p riotf iileBse ftooroe Clhaatneg et"o
 JraevgaiSsctreirp tc oemrprloert:i orne scoounrdciet:i/o/ng r"eO/Sm.oFdiullee:s /fAlsuysnhc SIh/uOt dqouwenu.esdy sb.emjfso,r el inpe 727: rEorrfoirle:B ePfhoarseeC h"apnrgoef"i lae-tb eforea-dcdhBangel"o is fcinikshed, it is too late to register completioenr @croensdoiutricoen: /"/OgSr.Fei/lmeo:d uflluessh/ AIs/yOn cqSuheuutedd obwenf.osryes .pmrjosf:i7l2e7B:e1f5or
eaCddhBalnogcek"er
@JraveasSocurricpt ee:r/r/ogr:r er/modules/eAssyonucrScheu:t/d/ogwrne./symso.dmujlse:s5/2A3s:y2n6cS
haudtddBolwonc.kseyrs@.rmejsos,u rlcien:/e/ g7r2e7/m:o dEurlreosr/:A syPnhcaSsheu "tpdroowfni.les-ybse.fmojrse:-4c5h8a:n1g5e"
 siest ufpiSnhishuetdd,o wint@ riess otuoroc el:a/t/ger et/om ordeugliesst/eors fciolmep/loestfiiolne _caosnydnict_iforno n"tO.Sj.sFmi:l1e: 5f4l8u:s2h8 I
/@Or eqsuoeuurecde :b/e/fgorree/ mpordofileuBelfeosr/eoCshfainlgee/"os
fJile_async_fraont.jsmv:a1S5c6r8i:p16t 
e@rrresource://gre/modules/oosrf:i lree.jssomu:r1c2e::3/0/
g@rrees/omuordcuel:e/s/A/sgyrnecS/hmuotdduolwens./sTyesl.emmjest,r ylSitnoer 7a2g7e:. sEyrsr.omrj:s :P1h0a:s2e8 "
p_rcohfeiclkeP-ebnedfionrgeP-icnhgasn@grees"o uirsc ef:i/n/igsrhee/dm,o diutl eiss/ Tteoloe mleatter ytSoe nrd.syesg.imsjtse:r86 3c:o1m7pl
esteitounp @croensoduirtcieo:n/ /"gOrSe./Fmioldeu:l efsl/uTsehl eI/Om eqtureyuSeedn db.esfyosr.em profileBefjosr:e8C0h3a:n1g8
ese"tu
pJ@arvaeSscoruipt recrer:o/r/:g rree/smooudruclee:s//g/reT/emloedmueltersy/AsySnceShnudt.dsoywsn.m.jss:y2s4.1m:j3s0, 
lsienteu p7T2e7l:e mEertrroyr:/ tPhhiass.e_ d"eplraofyieldeI-nbietfToarsek-<c@hraensgoeu"r cie:/s/ gfrei/nmiosdhuelde,s/ Tielte miest rtyoCoo nltartoel lto reregister cPompleatrieonnt .csoynsd.imtjiso:n82 8"OS.F:36i
loeb:s efrlvues@hr eIs/oOu rqce:ueued before profileBeforeChange"
//gre/modules/AsyncShutdown.sys.mjs:576:16

WARNING: Error: Phase "profile-before-change" is finished, it is too late to register completion condition "OS.File: flush I/O queued before profileBeforeChange"
WARNING: addBlocker@resource://gre/modules/AsyncShutdown.sys.mjs:727:15
addBlocker@resource://gre/modules/AsyncShutdown.sys.mjs:523:26
addBlocker@resource://gre/modules/AsyncShutdown.sys.mjs:458:15
setupShutdown@resource://gre/modules/osfile/osfile_async_front.jsm:1548:28
@resource://gre/modules/osfile/osfile_async_front.jsm:1568:16
@resource://gre/modules/osfile.jsm:12:30
@resource://gre/modules/TelemetryStorage.sys.mjs:10:28
_checkPendingPings@resource://gre/modules/TelemetrySend.sys.mjs:863:17
setup@resource://gre/modules/TelemetrySend.sys.mjs:803:18
setup@resource://gre/modules/TelemetrySend.sys.mjs:241:30
setupTelemetry/this._delayedInitTask<@resource://gre/modules/TelemetryControllerParent.sys.mjs:828:36
observe@resource://gre/modules/AsyncShutdown.sys.mjs:576:16

]]></system-err>
  </testcase>
</testsuite>